<?xml version="1.0" encoding="UTF-8"?>
<!-- Generated by org.testng.reporters.JUnitXMLReporter -->
<testsuite ignored="0" hostname="LAPTOP-PE73JGE2" failures="0" tests="6" name="Default test" time="224.197" errors="0" timestamp="2024-03-24T19:15:02 IST">
  <testcase classname="contactsTests.CreateNewContactTest" name="createContactWithMandatoryDetails1" time="38.55"/>
  <testcase classname="contactsTests.CreateNewContactTest" name="createContactWithMandatoryDetails1" time="21.069"/>
  <testcase classname="contactsTests.CreateNewContactTest" name="createContactWithMandatoryDetails1" time="16.933"/>
  <testcase classname="contactsTests.CreateNewContactTest" name="createContactWithMandatoryDetails2" time="15.458"/>
  <testcase classname="contactsTests.CreateNewContactTest" name="createContactWithMandatoryDetails2" time="23.036"/>
  <testcase classname="contactsTests.CreateNewContactTest" name="createContactWithMandatoryDetails2" time="28.831"/>
</testsuite> <!-- Default test -->
