<?xml version="1.0" encoding="UTF-8"?>
<!-- Generated by org.testng.reporters.JUnitXMLReporter -->
<testsuite ignored="0" hostname="LAPTOP-PE73JGE2" failures="0" tests="6" name="TestRuner1" time="193.869" errors="0" timestamp="2024-03-12T10:37:21 IST">
  <testcase classname="contactsTests.CreateNewContactTest" name="createContactWithMandatoryDetails1" time="51.306"/>
  <testcase classname="contactsTests.CreateNewContactTest" name="createContactWithMandatoryDetails1" time="11.292"/>
  <testcase classname="contactsTests.CreateNewContactTest" name="createContactWithMandatoryDetails1" time="8.837"/>
  <testcase classname="contactsTests.CreateNewContactTest" name="createContactWithMandatoryDetails2" time="10.887"/>
  <testcase classname="contactsTests.CreateNewContactTest" name="createContactWithMandatoryDetails2" time="12.687"/>
  <testcase classname="contactsTests.CreateNewContactTest" name="createContactWithMandatoryDetails2" time="11.564"/>
</testsuite> <!-- TestRuner1 -->
