<?xml version="1.0" encoding="UTF-8"?>
<!-- Generated by org.testng.reporters.JUnitXMLReporter -->
<testsuite ignored="8" hostname="LAPTOP-PE73JGE2" failures="0" tests="11" name="Test" time="198.182" errors="0" timestamp="2024-03-25T12:56:38 IST">
  <testcase classname="contactsTests.CreateNewContactTest" name="createContactWithMandatoryDetails1" time="8.725"/>
  <testcase classname="contactsTests.CreateNewContactTest" name="createContactWithMandatoryDetails1" time="8.022"/>
  <testcase classname="contactsTests.CreateNewContactTest" name="createContactWithMandatoryDetails1" time="8.104"/>
  <testcase classname="contactsTests.CreateNewContactTest" name="createContactWithMandatoryDetails2" time="8.252"/>
  <testcase classname="contactsTests.CreateNewContactTest" name="createContactWithMandatoryDetails2" time="9.05"/>
  <testcase classname="contactsTests.CreateNewContactTest" name="createContactWithMandatoryDetails2" time="8.708"/>
  <testcase classname="contactsTests.DeleteBulkContactTest" name="deleteBulkContact2" time="15.149"/>
  <testcase classname="contactsTests.DeleteContactTest" name="deleteCreatedContact1" time="13.643"/>
  <testcase classname="contactsTests.EditContactTest" name="editCreatedContactWithRequiredDetails" time="15.772"/>
  <testcase classname="contactsTests.SearchContactTest" name="searchContact1" time="8.339"/>
  <testcase classname="contactsTests.SearchContactTest" name="searchContact2" time="8.162"/>
  <testcase classname="genericUtilities.BaseClass" name="@AfterSuite afterSuite" time="0.0">
    <ignored/>
  </testcase> <!-- @AfterSuite afterSuite -->
  <testcase classname="genericUtilities.BaseClass" name="@AfterSuite afterSuite" time="0.0">
    <ignored/>
  </testcase> <!-- @AfterSuite afterSuite -->
  <testcase classname="genericUtilities.BaseClass" name="@AfterSuite afterSuite" time="0.0">
    <ignored/>
  </testcase> <!-- @AfterSuite afterSuite -->
  <testcase classname="genericUtilities.BaseClass" name="@AfterSuite afterSuite" time="0.0">
    <ignored/>
  </testcase> <!-- @AfterSuite afterSuite -->
  <testcase classname="genericUtilities.BaseClass" name="@BeforeSuite bsConfig" time="0.0">
    <ignored/>
  </testcase> <!-- @BeforeSuite bsConfig -->
  <testcase classname="genericUtilities.BaseClass" name="@BeforeSuite bsConfig" time="0.0">
    <ignored/>
  </testcase> <!-- @BeforeSuite bsConfig -->
  <testcase classname="genericUtilities.BaseClass" name="@BeforeSuite bsConfig" time="0.0">
    <ignored/>
  </testcase> <!-- @BeforeSuite bsConfig -->
  <testcase classname="genericUtilities.BaseClass" name="@BeforeSuite bsConfig" time="0.0">
    <ignored/>
  </testcase> <!-- @BeforeSuite bsConfig -->
</testsuite> <!-- Test -->
