<?xml version="1.0" encoding="UTF-8"?>
<!-- Generated by org.testng.reporters.JUnitXMLReporter -->
<testsuite ignored="2" hostname="LAPTOP-PE73JGE2" failures="0" tests="0" time="0.009" errors="0" timestamp="2024-03-11T20:16:15 IST">
  <testcase classname="contactsTests.CreateNewContactTest" name="createContactWithMandatoryDetails2" time="0.0">
    <ignored/>
  </testcase> <!-- createContactWithMandatoryDetails2 -->
  <testcase classname="contactsTests.CreateNewContactTest" name="createContactWithMandatoryDetails1" time="0.0">
    <ignored/>
  </testcase> <!-- createContactWithMandatoryDetails1 -->
</testsuite>
