<?xml version="1.0" encoding="UTF-8"?>
<testng-results ignored="0" total="6" passed="6" failed="0" skipped="0">
  <reporter-output>
  </reporter-output>
  <suite started-at="2024-03-24T19:11:16 IST" name="Default suite" finished-at="2024-03-24T19:15:00 IST" duration-ms="224197">
    <groups>
      <group name="RegressionSuite">
        <method signature="CreateNewContactTest.createContactWithMandatoryDetails1()[pri:0, instance:contactsTests.CreateNewContactTest@351d00c0]" name="createContactWithMandatoryDetails1" class="contactsTests.CreateNewContactTest"/>
        <method signature="CreateNewContactTest.createContactWithMandatoryDetails2()[pri:0, instance:contactsTests.CreateNewContactTest@351d00c0]" name="createContactWithMandatoryDetails2" class="contactsTests.CreateNewContactTest"/>
      </group> <!-- RegressionSuite -->
      <group name="SmokeSuite">
        <method signature="CreateNewContactTest.createContactWithMandatoryDetails1()[pri:0, instance:contactsTests.CreateNewContactTest@351d00c0]" name="createContactWithMandatoryDetails1" class="contactsTests.CreateNewContactTest"/>
        <method signature="CreateNewContactTest.createContactWithMandatoryDetails2()[pri:0, instance:contactsTests.CreateNewContactTest@351d00c0]" name="createContactWithMandatoryDetails2" class="contactsTests.CreateNewContactTest"/>
      </group> <!-- SmokeSuite -->
    </groups>
    <test started-at="2024-03-24T19:11:16 IST" name="Default test" finished-at="2024-03-24T19:15:00 IST" duration-ms="224197">
      <class name="contactsTests.CreateNewContactTest">
        <test-method is-config="true" signature="bsConfig()[pri:0, instance:contactsTests.CreateNewContactTest@351d00c0]" started-at="2024-03-24T19:11:16 IST" name="bsConfig" finished-at="2024-03-24T19:11:16 IST" duration-ms="9" status="PASS">
          <reporter-output>
          </reporter-output>
        </test-method> <!-- bsConfig -->
        <test-method is-config="true" signature="bcConfig()[pri:0, instance:contactsTests.CreateNewContactTest@351d00c0]" started-at="2024-03-24T19:11:17 IST" name="bcConfig" finished-at="2024-03-24T19:11:35 IST" duration-ms="18606" status="PASS">
          <reporter-output>
          </reporter-output>
        </test-method> <!-- bcConfig -->
        <test-method is-config="true" signature="bmConfig()[pri:0, instance:contactsTests.CreateNewContactTest@351d00c0]" started-at="2024-03-24T19:11:35 IST" name="bmConfig" finished-at="2024-03-24T19:11:47 IST" duration-ms="11504" status="PASS">
          <reporter-output>
          </reporter-output>
        </test-method> <!-- bmConfig -->
        <test-method signature="createContactWithMandatoryDetails1()[pri:0, instance:contactsTests.CreateNewContactTest@351d00c0]" started-at="2024-03-24T19:11:47 IST" name="createContactWithMandatoryDetails1" finished-at="2024-03-24T19:12:25 IST" duration-ms="38550" status="PASS">
          <reporter-output>
          </reporter-output>
        </test-method> <!-- createContactWithMandatoryDetails1 -->
        <test-method is-config="true" signature="amConfig()[pri:0, instance:contactsTests.CreateNewContactTest@351d00c0]" started-at="2024-03-24T19:12:25 IST" name="amConfig" finished-at="2024-03-24T19:12:30 IST" duration-ms="4431" status="PASS">
          <reporter-output>
          </reporter-output>
        </test-method> <!-- amConfig -->
        <test-method is-config="true" signature="bmConfig()[pri:0, instance:contactsTests.CreateNewContactTest@351d00c0]" started-at="2024-03-24T19:12:30 IST" name="bmConfig" finished-at="2024-03-24T19:12:34 IST" duration-ms="4002" status="PASS">
          <reporter-output>
          </reporter-output>
        </test-method> <!-- bmConfig -->
        <test-method signature="createContactWithMandatoryDetails1()[pri:0, instance:contactsTests.CreateNewContactTest@351d00c0]" started-at="2024-03-24T19:12:34 IST" name="createContactWithMandatoryDetails1" finished-at="2024-03-24T19:12:55 IST" duration-ms="21069" status="PASS">
          <reporter-output>
          </reporter-output>
        </test-method> <!-- createContactWithMandatoryDetails1 -->
        <test-method is-config="true" signature="amConfig()[pri:0, instance:contactsTests.CreateNewContactTest@351d00c0]" started-at="2024-03-24T19:12:55 IST" name="amConfig" finished-at="2024-03-24T19:12:59 IST" duration-ms="3679" status="PASS">
          <reporter-output>
          </reporter-output>
        </test-method> <!-- amConfig -->
        <test-method is-config="true" signature="bmConfig()[pri:0, instance:contactsTests.CreateNewContactTest@351d00c0]" started-at="2024-03-24T19:12:59 IST" name="bmConfig" finished-at="2024-03-24T19:13:02 IST" duration-ms="3815" status="PASS">
          <reporter-output>
          </reporter-output>
        </test-method> <!-- bmConfig -->
        <test-method signature="createContactWithMandatoryDetails1()[pri:0, instance:contactsTests.CreateNewContactTest@351d00c0]" started-at="2024-03-24T19:13:02 IST" name="createContactWithMandatoryDetails1" finished-at="2024-03-24T19:13:19 IST" duration-ms="16933" status="PASS">
          <reporter-output>
          </reporter-output>
        </test-method> <!-- createContactWithMandatoryDetails1 -->
        <test-method is-config="true" signature="amConfig()[pri:0, instance:contactsTests.CreateNewContactTest@351d00c0]" started-at="2024-03-24T19:13:19 IST" name="amConfig" finished-at="2024-03-24T19:13:23 IST" duration-ms="4011" status="PASS">
          <reporter-output>
          </reporter-output>
        </test-method> <!-- amConfig -->
        <test-method is-config="true" signature="bmConfig()[pri:0, instance:contactsTests.CreateNewContactTest@351d00c0]" started-at="2024-03-24T19:13:23 IST" name="bmConfig" finished-at="2024-03-24T19:13:28 IST" duration-ms="4334" status="PASS">
          <reporter-output>
          </reporter-output>
        </test-method> <!-- bmConfig -->
        <test-method signature="createContactWithMandatoryDetails2()[pri:0, instance:contactsTests.CreateNewContactTest@351d00c0]" started-at="2024-03-24T19:13:28 IST" name="createContactWithMandatoryDetails2" finished-at="2024-03-24T19:13:43 IST" duration-ms="15458" status="PASS">
          <reporter-output>
          </reporter-output>
        </test-method> <!-- createContactWithMandatoryDetails2 -->
        <test-method is-config="true" signature="amConfig()[pri:0, instance:contactsTests.CreateNewContactTest@351d00c0]" started-at="2024-03-24T19:13:43 IST" name="amConfig" finished-at="2024-03-24T19:13:47 IST" duration-ms="4261" status="PASS">
          <reporter-output>
          </reporter-output>
        </test-method> <!-- amConfig -->
        <test-method is-config="true" signature="bmConfig()[pri:0, instance:contactsTests.CreateNewContactTest@351d00c0]" started-at="2024-03-24T19:13:47 IST" name="bmConfig" finished-at="2024-03-24T19:13:52 IST" duration-ms="4938" status="PASS">
          <reporter-output>
          </reporter-output>
        </test-method> <!-- bmConfig -->
        <test-method signature="createContactWithMandatoryDetails2()[pri:0, instance:contactsTests.CreateNewContactTest@351d00c0]" started-at="2024-03-24T19:13:52 IST" name="createContactWithMandatoryDetails2" finished-at="2024-03-24T19:14:15 IST" duration-ms="23036" status="PASS">
          <reporter-output>
          </reporter-output>
        </test-method> <!-- createContactWithMandatoryDetails2 -->
        <test-method is-config="true" signature="amConfig()[pri:0, instance:contactsTests.CreateNewContactTest@351d00c0]" started-at="2024-03-24T19:14:15 IST" name="amConfig" finished-at="2024-03-24T19:14:19 IST" duration-ms="3814" status="PASS">
          <reporter-output>
          </reporter-output>
        </test-method> <!-- amConfig -->
        <test-method is-config="true" signature="bmConfig()[pri:0, instance:contactsTests.CreateNewContactTest@351d00c0]" started-at="2024-03-24T19:14:19 IST" name="bmConfig" finished-at="2024-03-24T19:14:24 IST" duration-ms="4679" status="PASS">
          <reporter-output>
          </reporter-output>
        </test-method> <!-- bmConfig -->
        <test-method signature="createContactWithMandatoryDetails2()[pri:0, instance:contactsTests.CreateNewContactTest@351d00c0]" started-at="2024-03-24T19:14:24 IST" name="createContactWithMandatoryDetails2" finished-at="2024-03-24T19:14:53 IST" duration-ms="28831" status="PASS">
          <reporter-output>
          </reporter-output>
        </test-method> <!-- createContactWithMandatoryDetails2 -->
        <test-method is-config="true" signature="amConfig()[pri:0, instance:contactsTests.CreateNewContactTest@351d00c0]" started-at="2024-03-24T19:14:53 IST" name="amConfig" finished-at="2024-03-24T19:14:59 IST" duration-ms="5880" status="PASS">
          <reporter-output>
          </reporter-output>
        </test-method> <!-- amConfig -->
        <test-method is-config="true" signature="acConfig()[pri:0, instance:contactsTests.CreateNewContactTest@351d00c0]" started-at="2024-03-24T19:14:59 IST" name="acConfig" finished-at="2024-03-24T19:15:00 IST" duration-ms="1568" status="PASS">
          <reporter-output>
          </reporter-output>
        </test-method> <!-- acConfig -->
        <test-method is-config="true" signature="afterSuite()[pri:0, instance:contactsTests.CreateNewContactTest@351d00c0]" started-at="2024-03-24T19:15:02 IST" name="afterSuite" finished-at="2024-03-24T19:15:02 IST" duration-ms="0" status="PASS">
          <reporter-output>
          </reporter-output>
        </test-method> <!-- afterSuite -->
      </class> <!-- contactsTests.CreateNewContactTest -->
    </test> <!-- Default test -->
  </suite> <!-- Default suite -->
</testng-results>
